2024-01-22 11:48:51:4851 - [32minfo[39m: [32m🚀 Application Running on URL: http://localhost:3000 🚀[39m
2024-01-22 11:49:05:495 - [32minfo[39m: [32m🚀 Application Running on URL: http://localhost:3000 🚀[39m
2024-01-22 11:54:24:5424 - [32minfo[39m: [32m🚀 Application Running on URL: http://localhost:3000 🚀[39m
2024-01-22 11:54:26:5426 - [32minfo[39m: [32m🚀 Application Running on URL: http://localhost:3000 🚀[39m
2024-01-22 11:54:38:5438 - [32minfo[39m: [32m🚀 Application Running on URL: http://localhost:3000 🚀[39m
2024-01-22 11:55:19:5519 - [32minfo[39m: [32mConnected to DB[39m
2024-01-22 11:55:19:5519 - [32minfo[39m: [32m🚀 Application Running on URL: http://localhost:3000 🚀[39m
2024-01-22 11:55:26:5526 - [32minfo[39m: [32mConnected to DB[39m
2024-01-22 11:55:26:5526 - [32minfo[39m: [32m🚀 Application Running on URL: http://localhost:3000 🚀[39m
2024-01-22 11:55:35:5535 - [32minfo[39m: [32mConnected to DB[39m
2024-01-22 11:55:35:5535 - [32minfo[39m: [32m🚀 Application Running on URL: http://localhost:3000 🚀[39m
2024-01-22 11:56:06:566 - [31merror[39m: [31mUnable to connect to DB[39m
2024-01-22 11:56:10:5610 - [32minfo[39m: [32mConnected to DB[39m
2024-01-22 11:56:10:5610 - [32minfo[39m: [32m🚀 Application Running on URL: http://localhost:3000 🚀[39m
2024-01-23 08:41:33:4133 - [32minfo[39m: [32mConnected to DB[39m
2024-01-23 08:41:33:4133 - [32minfo[39m: [32m🚀 Application Running on URL: http://localhost:3000 🚀[39m
2024-01-23 08:41:50:4150 - [32minfo[39m: [32mConnected to DB[39m
2024-01-23 08:41:50:4150 - [32minfo[39m: [32m🚀 Application Running on URL: http://localhost:3000 🚀[39m
2024-01-23 09:42:26:4226 - [32minfo[39m: [32mConnected to DB[39m
2024-01-23 09:42:26:4226 - [32minfo[39m: [32m🚀 Application Running on URL: http://localhost:3000 🚀[39m
2024-01-23 09:42:57:4257 - [32minfo[39m: [32mConnected to DB[39m
2024-01-23 09:42:57:4257 - [32minfo[39m: [32m🚀 Application Running on URL: http://localhost:3000 🚀[39m
2024-01-23 09:43:24:4324 - [32minfo[39m: [32mConnected to DB[39m
2024-01-23 09:43:24:4324 - [32minfo[39m: [32m🚀 Application Running on URL: http://localhost:3000 🚀[39m
2024-01-23 09:44:45:4445 - [32minfo[39m: [32mConnected to DB[39m
2024-01-23 09:44:45:4445 - [32minfo[39m: [32m🚀 Application Running on URL: http://localhost:3000 🚀[39m
2024-01-23 09:46:27:4627 - [32minfo[39m: [32mConnected to DB[39m
2024-01-23 09:46:27:4627 - [32minfo[39m: [32m🚀 Application Running on URL: http://localhost:3000 🚀[39m
2024-01-23 09:47:13:4713 - [32minfo[39m: [32mConnected to DB[39m
2024-01-23 09:47:13:4713 - [32minfo[39m: [32m🚀 Application Running on URL: http://localhost:3000 🚀[39m
2024-01-23 09:52:08:528 - [32minfo[39m: [32mConnected to DB[39m
2024-01-23 09:52:08:528 - [32minfo[39m: [32m🚀 Application Running on URL: http://localhost:3000 🚀[39m
2024-01-23 09:52:18:5218 - [32minfo[39m: [32mConnected to DB[39m
2024-01-23 09:52:18:5218 - [32minfo[39m: [32m🚀 Application Running on URL: http://localhost:3000 🚀[39m
2024-01-23 09:52:26:5226 - [32minfo[39m: [32mConnected to DB[39m
2024-01-23 09:52:26:5226 - [32minfo[39m: [32m🚀 Application Running on URL: http://localhost:3000 🚀[39m
2024-01-23 09:56:01:561 - [32minfo[39m: [32mConnected to DB[39m
2024-01-23 09:56:01:561 - [32minfo[39m: [32m🚀 Application Running on URL: http://localhost:3000 🚀[39m
2024-01-23 09:56:14:5614 - [32minfo[39m: [32mConnected to DB[39m
2024-01-23 09:56:14:5614 - [32minfo[39m: [32m🚀 Application Running on URL: http://localhost:3000 🚀[39m
2024-01-23 09:56:38:5638 - [32minfo[39m: [32mConnected to DB[39m
2024-01-23 09:56:38:5638 - [32minfo[39m: [32m🚀 Application Running on URL: http://localhost:3000 🚀[39m
2024-01-23 09:59:26:5926 - [32minfo[39m: [32mConnected to DB[39m
2024-01-23 09:59:26:5926 - [32minfo[39m: [32m🚀 Application Running on URL: http://localhost:3000 🚀[39m
2024-01-23 09:59:28:5928 - [32minfo[39m: [32mConnected to DB[39m
2024-01-23 09:59:28:5928 - [32minfo[39m: [32m🚀 Application Running on URL: http://localhost:3000 🚀[39m
2024-01-23 09:59:41:5941 - [32minfo[39m: [32mConnected to DB[39m
2024-01-23 09:59:41:5941 - [32minfo[39m: [32m🚀 Application Running on URL: http://localhost:3000 🚀[39m
2024-01-23 10:01:39:139 - [32minfo[39m: [32mConnected to DB[39m
2024-01-23 10:01:39:139 - [32minfo[39m: [32m🚀 Application Running on URL: http://localhost:3000 🚀[39m
2024-01-23 10:04:44:444 - [32minfo[39m: [32mConnected to DB[39m
2024-01-23 10:04:44:444 - [32minfo[39m: [32m🚀 Application Running on URL: http://localhost:3000 🚀[39m
2024-01-23 10:05:15:515 - [32minfo[39m: [32mConnected to DB[39m
2024-01-23 10:05:15:515 - [32minfo[39m: [32mAplicação está funcionando na porta: 3000[39m
2024-01-23 10:05:24:524 - [32minfo[39m: [32mConnected to DB[39m
2024-01-23 10:05:24:524 - [32minfo[39m: [32m🚀 Application Running on URL: http://localhost:3000 🚀[39m
2024-01-23 10:06:00:60 - [32minfo[39m: [32mConnected to DB[39m
2024-01-23 10:06:00:60 - [32minfo[39m: [32m🚀 Application Running on URL: http://localhost:3000 🚀[39m
2024-01-23 10:09:10:910 - [32minfo[39m: [32mConnected to DB[39m
2024-01-23 10:09:10:910 - [32minfo[39m: [32m🚀 Application Running on URL: http://localhost:3000 🚀[39m
2024-01-23 10:22:11:2211 - [32minfo[39m: [32mConnected to DB[39m
2024-01-23 10:22:11:2211 - [32minfo[39m: [32m🚀 Application Running on URL: http://localhost:3000 🚀[39m
2024-01-23 10:32:07:327 - [32minfo[39m: [32mConnected to DB[39m
2024-01-23 10:32:07:327 - [32minfo[39m: [32m🚀 Application Running on URL: http://localhost:3000 🚀[39m
2024-01-23 10:32:33:3233 - [32minfo[39m: [32mConnected to DB[39m
2024-01-23 10:32:33:3233 - [32minfo[39m: [32m🚀 Application Running on URL: http://localhost:3000 🚀[39m
2024-01-23 10:33:58:3358 - [32minfo[39m: [32mConnected to DB[39m
2024-01-23 10:33:58:3358 - [32minfo[39m: [32m🚀 Application Running on URL: http://localhost:3000 🚀[39m
2024-01-23 10:38:21:3821 - [32minfo[39m: [32mConnected to DB[39m
2024-01-23 10:38:21:3821 - [32minfo[39m: [32m🚀 Application Running on URL: http://localhost:3000 🚀[39m
2024-01-23 10:38:22:3822 - [32minfo[39m: [32mConnected to DB[39m
2024-01-23 10:38:22:3822 - [32minfo[39m: [32m🚀 Application Running on URL: http://localhost:3000 🚀[39m
2024-01-23 10:38:29:3829 - [32minfo[39m: [32mConnected to DB[39m
2024-01-23 10:38:29:3829 - [32minfo[39m: [32m🚀 Application Running on URL: http://localhost:3000 🚀[39m
2024-01-23 10:39:37:3937 - [32minfo[39m: [32mConnected to DB[39m
2024-01-23 10:39:37:3937 - [32minfo[39m: [32m🚀 Application Running on URL: http://localhost:3000 🚀[39m
2024-01-23 10:40:03:403 - [32minfo[39m: [32mConnected to DB[39m
2024-01-23 10:40:03:403 - [32minfo[39m: [32m🚀 Application Running on URL: http://localhost:3000 🚀[39m
2024-01-23 10:45:41:4541 - [32minfo[39m: [32mConnected to DB[39m
2024-01-23 10:45:41:4541 - [32minfo[39m: [32m🚀 Application Running on URL: http://localhost:3000 🚀[39m
2024-01-23 10:45:43:4543 - [32minfo[39m: [32mConnected to DB[39m
2024-01-23 10:45:43:4543 - [32minfo[39m: [32m🚀 Application Running on URL: http://localhost:3000 🚀[39m
2024-01-23 10:46:27:4627 - [32minfo[39m: [32mConnected to DB[39m
2024-01-23 10:46:27:4627 - [32minfo[39m: [32m🚀 Application Running on URL: http://localhost:3000 🚀[39m
2024-01-23 10:46:57:4657 - [32minfo[39m: [32mConnected to DB[39m
2024-01-23 10:46:57:4657 - [32minfo[39m: [32m🚀 Application Running on URL: http://localhost:3000 🚀[39m
2024-01-23 10:47:05:475 - [32minfo[39m: [32mConnected to DB[39m
2024-01-23 10:47:05:475 - [32minfo[39m: [32m🚀 Application Running on URL: http://localhost:3000 🚀[39m
2024-01-23 10:47:37:4737 - [32minfo[39m: [32mConnected to DB[39m
2024-01-23 10:47:37:4737 - [32minfo[39m: [32m🚀 Application Running on URL: http://localhost:3000 🚀[39m
2024-01-23 10:48:51:4851 - [32minfo[39m: [32mConnected to DB[39m
2024-01-23 10:48:51:4851 - [32minfo[39m: [32m🚀 Application Running on URL: http://localhost:3000 🚀[39m
2024-01-23 10:49:22:4922 - [32minfo[39m: [32mConnected to DB[39m
2024-01-23 10:49:22:4922 - [32minfo[39m: [32m🚀 Application Running on URL: http://localhost:3000 🚀[39m
2024-01-23 10:49:53:4953 - [32minfo[39m: [32mConnected to DB[39m
2024-01-23 10:49:53:4953 - [32minfo[39m: [32m🚀 Application Running on URL: http://localhost:3000 🚀[39m
2024-01-23 10:52:38:5238 - [32minfo[39m: [32mConnected to DB[39m
2024-01-23 10:52:38:5238 - [32minfo[39m: [32m🚀 Application Running on URL: http://localhost:3000 🚀[39m
2024-01-23 10:54:47:5447 - [32minfo[39m: [32mConnected to DB[39m
2024-01-23 10:54:47:5447 - [32minfo[39m: [32m🚀 Application Running on URL: http://localhost:3000 🚀[39m
2024-01-23 10:55:08:558 - [32minfo[39m: [32mConnected to DB[39m
2024-01-23 10:55:08:558 - [32minfo[39m: [32m🚀 Application Running on URL: http://localhost:3000 🚀[39m
2024-01-23 11:36:50:3650 - [32minfo[39m: [32mConnected to DB[39m
2024-01-23 11:36:50:3650 - [32minfo[39m: [32m🚀 Application Running on URL: http://localhost:3000 🚀[39m
2024-01-23 11:36:58:3658 - [32minfo[39m: [32mConnected to DB[39m
2024-01-23 11:36:58:3658 - [32minfo[39m: [32m🚀 Application Running on URL: http://localhost:3000 🚀[39m
2024-01-23 11:38:20:3820 - [32minfo[39m: [32mConnected to DB[39m
2024-01-23 11:38:20:3820 - [32minfo[39m: [32m🚀 Application Running on URL: http://localhost:3000 🚀[39m
2024-01-23 11:41:59:4159 - [32minfo[39m: [32mConnected to DB[39m
2024-01-23 11:41:59:4159 - [32minfo[39m: [32m🚀 Application Running on URL: http://localhost:3000 🚀[39m
2024-01-23 11:42:36:4236 - [32minfo[39m: [32mConnected to DB[39m
2024-01-23 11:42:36:4236 - [32minfo[39m: [32m🚀 Application Running on URL: http://localhost:3000 🚀[39m
2024-01-23 11:58:50:5850 - [32minfo[39m: [32mConnected to DB[39m
2024-01-23 11:58:50:5850 - [32minfo[39m: [32m🚀 Application Running on URL: http://localhost:3000 🚀[39m
2024-01-23 13:18:34:1834 - [32minfo[39m: [32mConnected to DB[39m
2024-01-23 13:18:34:1834 - [32minfo[39m: [32m🚀 Application Running on URL: http://localhost:3000 🚀[39m
2024-01-24 08:37:30:3730 - [31merror[39m: [31mUnable to connect to DB[39m
2024-01-24 08:54:30:5430 - [31merror[39m: [31mUnable to connect to DB[39m
2024-01-24 09:33:05:335 - [31merror[39m: [31mUnable to connect to DB[39m
2024-01-24 10:30:53:3053 - [31merror[39m: [31mUnable to connect to DB[39m
2024-01-24 10:32:45:3245 - [31merror[39m: [31mUnable to connect to DB[39m
2024-01-24 10:33:01:331 - [31merror[39m: [31mUnable to connect to DB[39m
2024-01-24 10:34:01:341 - [32minfo[39m: [32mConnected to DB[39m
2024-01-24 10:34:01:341 - [32minfo[39m: [32m🚀 Application Running on URL: http://localhost:3000 🚀[39m
2024-01-24 10:34:09:349 - [32minfo[39m: [32mConnected to DB[39m
2024-01-24 10:34:09:349 - [32minfo[39m: [32m🚀 Application Running on URL: http://localhost:3000 🚀[39m
2024-01-24 10:35:06:356 - [32minfo[39m: [32mConnected to DB[39m
2024-01-24 10:35:06:356 - [32minfo[39m: [32m🚀 Application Running on URL: http://localhost:3000 🚀[39m
2024-01-24 10:37:11:3711 - [32minfo[39m: [32mConnected to DB[39m
2024-01-24 10:37:11:3711 - [32minfo[39m: [32m🚀 Application Running on URL: http://localhost:3000 🚀[39m
2024-01-24 10:40:05:405 - [32minfo[39m: [32mConnected to DB[39m
2024-01-24 10:40:05:405 - [32minfo[39m: [32m🚀 Application Running on URL: http://localhost:3000 🚀[39m
2024-01-24 10:40:56:4056 - [32minfo[39m: [32mConnected to DB[39m
2024-01-24 10:40:56:4056 - [32minfo[39m: [32m🚀 Application Running on URL: http://localhost:3000 🚀[39m
2024-01-24 10:42:13:4213 - [32minfo[39m: [32mConnected to DB[39m
2024-01-24 10:42:13:4213 - [32minfo[39m: [32m🚀 Application Running on URL: http://localhost:3000 🚀[39m
2024-01-24 10:42:32:4232 - [32minfo[39m: [32mConnected to DB[39m
2024-01-24 10:42:32:4232 - [32minfo[39m: [32m🚀 Application Running on URL: http://localhost:3000 🚀[39m
2024-01-24 10:44:52:4452 - [32minfo[39m: [32mConnected to DB[39m
2024-01-24 10:44:52:4452 - [32minfo[39m: [32m🚀 Application Running on URL: http://localhost:3000 🚀[39m
2024-01-24 10:47:30:4730 - [32minfo[39m: [32mConnected to DB[39m
2024-01-24 10:47:30:4730 - [32minfo[39m: [32m🚀 Application Running on URL: http://localhost:3000 🚀[39m
2024-01-24 10:48:05:485 - [32minfo[39m: [32mConnected to DB[39m
2024-01-24 10:48:05:485 - [32minfo[39m: [32m🚀 Application Running on URL: http://localhost:3000 🚀[39m
2024-01-24 10:48:15:4815 - [32minfo[39m: [32mConnected to DB[39m
2024-01-24 10:48:15:4815 - [32minfo[39m: [32m🚀 Application Running on URL: http://localhost:3000 🚀[39m
2024-01-24 10:51:34:5134 - [32minfo[39m: [32mConnected to DB[39m
2024-01-24 10:51:34:5134 - [32minfo[39m: [32m🚀 Application Running on URL: http://localhost:3000 🚀[39m
2024-01-24 10:52:07:527 - [32minfo[39m: [32mConnected to DB[39m
2024-01-24 10:52:07:527 - [32minfo[39m: [32m🚀 Application Running on URL: http://localhost:3000 🚀[39m
2024-01-24 10:52:23:5223 - [32minfo[39m: [32mConnected to DB[39m
2024-01-24 10:52:23:5223 - [32minfo[39m: [32m🚀 Application Running on URL: http://localhost:3000 🚀[39m
2024-01-24 10:54:45:5445 - [32minfo[39m: [32mConnected to DB[39m
2024-01-24 10:54:45:5445 - [32minfo[39m: [32m🚀 Application Running on URL: http://localhost:3000 🚀[39m
2024-01-24 10:54:56:5456 - [32minfo[39m: [32mConnected to DB[39m
2024-01-24 10:54:56:5456 - [32minfo[39m: [32m🚀 Application Running on URL: http://localhost:3000 🚀[39m
2024-01-24 10:55:00:550 - [32minfo[39m: [32mConnected to DB[39m
2024-01-24 10:55:00:550 - [32minfo[39m: [32m🚀 Application Running on URL: http://localhost:3000 🚀[39m
2024-01-24 10:56:01:561 - [32minfo[39m: [32mConnected to DB[39m
2024-01-24 10:56:01:561 - [32minfo[39m: [32m🚀 Application Running on URL: http://localhost:3000 🚀[39m
2024-01-24 10:58:05:585 - [32minfo[39m: [32mConnected to DB[39m
2024-01-24 10:58:05:585 - [32minfo[39m: [32m🚀 Application Running on URL: http://localhost:3000 🚀[39m
2024-01-24 10:58:10:5810 - [32minfo[39m: [32mConnected to DB[39m
2024-01-24 10:58:10:5810 - [32minfo[39m: [32m🚀 Application Running on URL: http://localhost:3000 🚀[39m
2024-01-24 10:58:19:5819 - [32minfo[39m: [32mConnected to DB[39m
2024-01-24 10:58:19:5819 - [32minfo[39m: [32m🚀 Application Running on URL: http://localhost:3000 🚀[39m
2024-01-24 11:00:01:01 - [32minfo[39m: [32mConnected to DB[39m
2024-01-24 11:00:01:01 - [32minfo[39m: [32m🚀 Application Running on URL: http://localhost:3000 🚀[39m
2024-01-24 11:00:18:018 - [32minfo[39m: [32mConnected to DB[39m
2024-01-24 11:00:18:018 - [32minfo[39m: [32m🚀 Application Running on URL: http://localhost:3000 🚀[39m
2024-01-24 11:02:39:239 - [32minfo[39m: [32mConnected to DB[39m
2024-01-24 11:02:39:239 - [32minfo[39m: [32m🚀 Application Running on URL: http://localhost:3000 🚀[39m
2024-01-24 11:02:44:244 - [32minfo[39m: [32mConnected to DB[39m
2024-01-24 11:02:44:244 - [32minfo[39m: [32m🚀 Application Running on URL: http://localhost:3000 🚀[39m
2024-01-24 11:02:59:259 - [32minfo[39m: [32mConnected to DB[39m
2024-01-24 11:02:59:259 - [32minfo[39m: [32m🚀 Application Running on URL: http://localhost:3000 🚀[39m
2024-01-24 11:03:31:331 - [32minfo[39m: [32mConnected to DB[39m
2024-01-24 11:03:31:331 - [32minfo[39m: [32m🚀 Application Running on URL: http://localhost:3000 🚀[39m
2024-01-24 11:04:30:430 - [32minfo[39m: [32mConnected to DB[39m
2024-01-24 11:04:30:430 - [32minfo[39m: [32m🚀 Application Running on URL: http://localhost:3000 🚀[39m
2024-01-24 11:04:38:438 - [32minfo[39m: [32mConnected to DB[39m
2024-01-24 11:04:38:438 - [32minfo[39m: [32m🚀 Application Running on URL: http://localhost:3000 🚀[39m
2024-01-24 11:05:11:511 - [32minfo[39m: [32mConnected to DB[39m
2024-01-24 11:05:11:511 - [32minfo[39m: [32m🚀 Application Running on URL: http://localhost:3000 🚀[39m
2024-01-24 11:05:20:520 - [32minfo[39m: [32mConnected to DB[39m
2024-01-24 11:05:20:520 - [32minfo[39m: [32m🚀 Application Running on URL: http://localhost:3000 🚀[39m
2024-01-24 11:05:47:547 - [32minfo[39m: [32mConnected to DB[39m
2024-01-24 11:05:47:547 - [32minfo[39m: [32m🚀 Application Running on URL: http://localhost:3000 🚀[39m
2024-01-24 11:06:58:658 - [32minfo[39m: [32mConnected to DB[39m
2024-01-24 11:06:58:658 - [32minfo[39m: [32m🚀 Application Running on URL: http://localhost:3000 🚀[39m
2024-01-24 11:10:41:1041 - [32minfo[39m: [32mConnected to DB[39m
2024-01-24 11:10:41:1041 - [32minfo[39m: [32m🚀 Application Running on URL: http://localhost:3000 🚀[39m
2024-01-24 11:12:04:124 - [32minfo[39m: [32mConnected to DB[39m
2024-01-24 11:12:04:124 - [32minfo[39m: [32m🚀 Application Running on URL: http://localhost:3000 🚀[39m
2024-01-24 11:14:34:1434 - [32minfo[39m: [32mConnected to DB[39m
2024-01-24 11:14:34:1434 - [32minfo[39m: [32m🚀 Application Running on URL: http://localhost:3000 🚀[39m
2024-01-24 11:14:49:1449 - [32minfo[39m: [32mConnected to DB[39m
2024-01-24 11:14:49:1449 - [32minfo[39m: [32m🚀 Application Running on URL: http://localhost:3000 🚀[39m
2024-01-24 11:15:57:1557 - [32minfo[39m: [32mConnected to DB[39m
2024-01-24 11:15:57:1557 - [32minfo[39m: [32m🚀 Application Running on URL: http://localhost:3000 🚀[39m
2024-01-24 11:16:12:1612 - [32minfo[39m: [32mConnected to DB[39m
2024-01-24 11:16:12:1612 - [32minfo[39m: [32m🚀 Application Running on URL: http://localhost:3000 🚀[39m
2024-01-24 11:21:00:210 - [32minfo[39m: [32mConnected to DB[39m
2024-01-24 11:21:00:210 - [32minfo[39m: [32m🚀 Application Running on URL: http://localhost:3000 🚀[39m
2024-01-24 11:23:20:2320 - [32minfo[39m: [32mConnected to DB[39m
2024-01-24 11:23:20:2320 - [32minfo[39m: [32m🚀 Application Running on URL: http://localhost:3000 🚀[39m
2024-01-24 11:23:42:2342 - [32minfo[39m: [32mConnected to DB[39m
2024-01-24 11:23:42:2342 - [32minfo[39m: [32m🚀 Application Running on URL: http://localhost:3000 🚀[39m
2024-01-24 11:24:28:2428 - [32minfo[39m: [32mConnected to DB[39m
2024-01-24 11:24:28:2428 - [32minfo[39m: [32m🚀 Application Running on URL: http://localhost:3000 🚀[39m
2024-01-24 11:24:29:2429 - [32minfo[39m: [32mConnected to DB[39m
2024-01-24 11:24:29:2429 - [32minfo[39m: [32m🚀 Application Running on URL: http://localhost:3000 🚀[39m
2024-01-24 11:25:36:2536 - [32minfo[39m: [32mConnected to DB[39m
2024-01-24 11:25:36:2536 - [32minfo[39m: [32m🚀 Application Running on URL: http://localhost:3000 🚀[39m
2024-01-24 11:38:16:3816 - [32minfo[39m: [32mConnected to DB[39m
2024-01-24 11:38:16:3816 - [32minfo[39m: [32m🚀 Application Running on URL: http://localhost:3000 🚀[39m
2024-01-24 11:38:25:3825 - [32minfo[39m: [32mConnected to DB[39m
2024-01-24 11:38:25:3825 - [32minfo[39m: [32m🚀 Application Running on URL: http://localhost:3000 🚀[39m
2024-01-24 11:40:06:406 - [32minfo[39m: [32mConnected to DB[39m
2024-01-24 11:40:06:406 - [32minfo[39m: [32m🚀 Application Running on URL: http://localhost:3000 🚀[39m
2024-01-24 11:46:54:4654 - [32minfo[39m: [32mConnected to DB[39m
2024-01-24 11:46:54:4654 - [32minfo[39m: [32m🚀 Application Running on URL: http://localhost:3000 🚀[39m
2024-01-24 11:48:11:4811 - [32minfo[39m: [32mConnected to DB[39m
2024-01-24 11:48:11:4811 - [32minfo[39m: [32m🚀 Application Running on URL: http://localhost:3000 🚀[39m
2024-01-24 11:49:07:497 - [32minfo[39m: [32mConnected to DB[39m
2024-01-24 11:49:07:497 - [32minfo[39m: [32m🚀 Application Running on URL: http://localhost:3000 🚀[39m
2024-01-24 11:50:29:5029 - [32minfo[39m: [32mConnected to DB[39m
2024-01-24 11:50:29:5029 - [32minfo[39m: [32m🚀 Application Running on URL: http://localhost:3000 🚀[39m
2024-01-24 11:50:35:5035 - [32minfo[39m: [32mConnected to DB[39m
2024-01-24 11:50:35:5035 - [32minfo[39m: [32m🚀 Application Running on URL: http://localhost:3000 🚀[39m
2024-01-24 11:50:46:5046 - [32minfo[39m: [32mConnected to DB[39m
2024-01-24 11:50:46:5046 - [32minfo[39m: [32m🚀 Application Running on URL: http://localhost:3000 🚀[39m
2024-01-24 11:51:12:5112 - [32minfo[39m: [32mConnected to DB[39m
2024-01-24 11:51:12:5112 - [32minfo[39m: [32m🚀 Application Running on URL: http://localhost:3000 🚀[39m
2024-01-24 11:51:15:5115 - [32minfo[39m: [32mConnected to DB[39m
2024-01-24 11:51:15:5115 - [32minfo[39m: [32m🚀 Application Running on URL: http://localhost:3000 🚀[39m
2024-01-24 11:51:26:5126 - [32minfo[39m: [32mConnected to DB[39m
2024-01-24 11:51:26:5126 - [32minfo[39m: [32m🚀 Application Running on URL: http://localhost:3000 🚀[39m
2024-01-24 11:52:17:5217 - [32minfo[39m: [32mConnected to DB[39m
2024-01-24 11:52:17:5217 - [32minfo[39m: [32m🚀 Application Running on URL: http://localhost:3000 🚀[39m
2024-01-24 11:53:01:531 - [32minfo[39m: [32mConnected to DB[39m
2024-01-24 11:53:01:531 - [32minfo[39m: [32m🚀 Application Running on URL: http://localhost:3000 🚀[39m
2024-01-24 11:54:40:5440 - [32minfo[39m: [32mConnected to DB[39m
2024-01-24 11:54:40:5440 - [32minfo[39m: [32m🚀 Application Running on URL: http://localhost:3000 🚀[39m
2024-01-24 11:56:33:5633 - [32minfo[39m: [32mConnected to DB[39m
2024-01-24 11:56:33:5633 - [32minfo[39m: [32m🚀 Application Running on URL: http://localhost:3000 🚀[39m
2024-01-24 11:56:43:5643 - [32minfo[39m: [32mConnected to DB[39m
2024-01-24 11:56:43:5643 - [32minfo[39m: [32m🚀 Application Running on URL: http://localhost:3000 🚀[39m
2024-01-24 11:57:26:5726 - [32minfo[39m: [32mConnected to DB[39m
2024-01-24 11:57:26:5726 - [32minfo[39m: [32m🚀 Application Running on URL: http://localhost:3000 🚀[39m
2024-01-24 11:57:51:5751 - [32minfo[39m: [32mConnected to DB[39m
2024-01-24 11:57:51:5751 - [32minfo[39m: [32m🚀 Application Running on URL: http://localhost:3000 🚀[39m
2024-01-24 11:59:20:5920 - [32minfo[39m: [32mConnected to DB[39m
2024-01-24 11:59:20:5920 - [32minfo[39m: [32m🚀 Application Running on URL: http://localhost:3000 🚀[39m
2024-01-24 12:00:27:027 - [32minfo[39m: [32mConnected to DB[39m
2024-01-24 12:00:27:027 - [32minfo[39m: [32m🚀 Application Running on URL: http://localhost:3000 🚀[39m
2024-01-24 12:00:34:034 - [32minfo[39m: [32mConnected to DB[39m
2024-01-24 12:00:34:034 - [32minfo[39m: [32m🚀 Application Running on URL: http://localhost:3000 🚀[39m
2024-01-24 12:00:36:036 - [32minfo[39m: [32mConnected to DB[39m
2024-01-24 12:00:36:036 - [32minfo[39m: [32m🚀 Application Running on URL: http://localhost:3000 🚀[39m
2024-01-24 12:00:40:040 - [31merror[39m: [31mSystem error: Cast to ObjectId failed for value "{ id: '65b121bce5fa058e376dd43e' }" (type Object) at path "_id" for model "Movie"[39m
2024-01-24 12:00:59:059 - [31merror[39m: [31mSystem error: Cast to ObjectId failed for value "{ id: '65b121bce5fa058e376dd43e' }" (type Object) at path "_id" for model "Movie"[39m
2024-01-24 12:01:28:128 - [32minfo[39m: [32mConnected to DB[39m
2024-01-24 12:01:28:128 - [32minfo[39m: [32m🚀 Application Running on URL: http://localhost:3000 🚀[39m
2024-01-24 12:01:29:129 - [31merror[39m: [31mSystem error: Cast to ObjectId failed for value "{ id: { id: '65b121bce5fa058e376dd43e' } }" (type Object) at path "_id" for model "Movie"[39m
2024-01-24 12:01:41:141 - [32minfo[39m: [32mConnected to DB[39m
2024-01-24 12:01:41:141 - [32minfo[39m: [32m🚀 Application Running on URL: http://localhost:3000 🚀[39m
2024-01-24 12:01:43:143 - [31merror[39m: [31mSystem error: Cast to ObjectId failed for value "{ id: { id: '65b121bce5fa058e376dd43e' } }" (type Object) at path "_id" for model "Movie"[39m
2024-01-24 12:48:30:4830 - [31merror[39m: [31mSystem error: Cast to ObjectId failed for value "{ id: { id: '65b121bce5fa058e376dd43e' } }" (type Object) at path "_id" for model "Movie"[39m
2024-01-24 12:48:48:4848 - [32minfo[39m: [32mConnected to DB[39m
2024-01-24 12:48:48:4848 - [32minfo[39m: [32m🚀 Application Running on URL: http://localhost:3000 🚀[39m
2024-01-24 12:48:54:4854 - [32minfo[39m: [32mConnected to DB[39m
2024-01-24 12:48:54:4854 - [32minfo[39m: [32m🚀 Application Running on URL: http://localhost:3000 🚀[39m
2024-01-24 12:49:14:4914 - [31merror[39m: [31mSystem error: Cast to ObjectId failed for value "{ id: { id: '65b121bce5fa058e376dd43e' } }" (type Object) at path "_id" for model "Movie"[39m
2024-01-24 12:52:28:5228 - [32minfo[39m: [32mConnected to DB[39m
2024-01-24 12:52:28:5228 - [32minfo[39m: [32m🚀 Application Running on URL: http://localhost:3000 🚀[39m
2024-01-24 12:58:05:585 - [32minfo[39m: [32mConnected to DB[39m
2024-01-24 12:58:05:585 - [32minfo[39m: [32m🚀 Application Running on URL: http://localhost:3000 🚀[39m
2024-01-24 12:58:24:5824 - [32minfo[39m: [32mConnected to DB[39m
2024-01-24 12:58:24:5824 - [32minfo[39m: [32m🚀 Application Running on URL: http://localhost:3000 🚀[39m
2024-01-24 12:58:42:5842 - [32minfo[39m: [32mConnected to DB[39m
2024-01-24 12:58:42:5842 - [32minfo[39m: [32m🚀 Application Running on URL: http://localhost:3000 🚀[39m
2024-01-24 12:58:45:5845 - [31merror[39m: [31mSystem error: Cast to ObjectId failed for value "{ id: { id: '65b121bce5fa058e376dd43e' } }" (type Object) at path "_id" for model "Movie"[39m
2024-01-24 12:59:32:5932 - [32minfo[39m: [32mConnected to DB[39m
2024-01-24 12:59:32:5932 - [32minfo[39m: [32m🚀 Application Running on URL: http://localhost:3000 🚀[39m
2024-01-24 12:59:47:5947 - [31merror[39m: [31mSystem error: Cast to ObjectId failed for value "{ id: { id: '65b121bce5fa058e376dd43e' } }" (type Object) at path "_id" for model "Movie"[39m
2024-01-24 13:05:41:541 - [32minfo[39m: [32mConnected to DB[39m
2024-01-24 13:05:41:541 - [32minfo[39m: [32m🚀 Application Running on URL: http://localhost:3000 🚀[39m
2024-01-24 13:05:43:543 - [32minfo[39m: [32mConnected to DB[39m
2024-01-24 13:05:43:543 - [32minfo[39m: [32m🚀 Application Running on URL: http://localhost:3000 🚀[39m
2024-01-24 13:07:32:732 - [32minfo[39m: [32mConnected to DB[39m
2024-01-24 13:07:32:732 - [32minfo[39m: [32m🚀 Application Running on URL: http://localhost:3000 🚀[39m
2024-01-24 13:09:10:910 - [32minfo[39m: [32mConnected to DB[39m
2024-01-24 13:09:10:910 - [32minfo[39m: [32m🚀 Application Running on URL: http://localhost:3000 🚀[39m
2024-01-24 13:12:16:1216 - [32minfo[39m: [32mConnected to DB[39m
2024-01-24 13:12:16:1216 - [32minfo[39m: [32m🚀 Application Running on URL: http://localhost:3000 🚀[39m
2024-01-24 13:12:21:1221 - [32minfo[39m: [32mConnected to DB[39m
2024-01-24 13:12:21:1221 - [32minfo[39m: [32m🚀 Application Running on URL: http://localhost:3000 🚀[39m
2024-01-24 13:33:57:3357 - [32minfo[39m: [32mConnected to DB[39m
2024-01-24 13:33:57:3357 - [32minfo[39m: [32m🚀 Application Running on URL: http://localhost:3000 🚀[39m
2024-01-24 13:34:47:3447 - [32minfo[39m: [32mConnected to DB[39m
2024-01-24 13:34:47:3447 - [32minfo[39m: [32m🚀 Application Running on URL: http://localhost:3000 🚀[39m
2024-01-24 13:35:51:3551 - [32minfo[39m: [32mConnected to DB[39m
2024-01-24 13:35:51:3551 - [32minfo[39m: [32m🚀 Application Running on URL: http://localhost:3000 🚀[39m
2024-01-24 13:37:14:3714 - [32minfo[39m: [32mConnected to DB[39m
2024-01-24 13:37:14:3714 - [32minfo[39m: [32m🚀 Application Running on URL: http://localhost:3000 🚀[39m
2024-01-24 13:43:20:4320 - [32minfo[39m: [32mConnected to DB[39m
2024-01-24 13:43:20:4320 - [32minfo[39m: [32m🚀 Application Running on URL: http://localhost:3000 🚀[39m
2024-01-24 13:44:15:4415 - [32minfo[39m: [32mConnected to DB[39m
2024-01-24 13:44:15:4415 - [32minfo[39m: [32m🚀 Application Running on URL: http://localhost:3000 🚀[39m
2024-01-24 13:45:01:451 - [32minfo[39m: [32mConnected to DB[39m
2024-01-24 13:45:01:451 - [32minfo[39m: [32m🚀 Application Running on URL: http://localhost:3000 🚀[39m
2024-01-24 13:45:10:4510 - [32minfo[39m: [32mConnected to DB[39m
2024-01-24 13:45:10:4510 - [32minfo[39m: [32m🚀 Application Running on URL: http://localhost:3000 🚀[39m
2024-01-24 13:46:29:4629 - [32minfo[39m: [32mConnected to DB[39m
2024-01-24 13:46:29:4629 - [32minfo[39m: [32m🚀 Application Running on URL: http://localhost:3000 🚀[39m
2024-01-24 13:48:19:4819 - [32minfo[39m: [32mConnected to DB[39m
2024-01-24 13:48:19:4819 - [32minfo[39m: [32m🚀 Application Running on URL: http://localhost:3000 🚀[39m
2024-01-24 13:52:41:5241 - [31merror[39m: [31mSystem error: Cast to ObjectId failed for value "asdasd" (type string) at path "_id" for model "Movie"[39m
